<?xml version="1.0" encoding="UTF-8"?>
<testng-results skipped="0" failed="0" total="7" passed="7">
  <reporter-output>
  </reporter-output>
  <suite name="Default suite" duration-ms="154197" started-at="2018-08-22T00:41:18Z" finished-at="2018-08-22T00:43:53Z">
    <groups>
    </groups>
    <test name="Default test" duration-ms="154197" started-at="2018-08-22T00:41:18Z" finished-at="2018-08-22T00:43:53Z">
      <class name="com.testmethods.TestClass">
        <test-method status="PASS" signature="beforeTest()[pri:0, instance:com.testmethods.TestClass@d2cc05a]" name="beforeTest" is-config="true" duration-ms="41304" started-at="2018-08-21T17:41:18Z" finished-at="2018-08-21T17:42:00Z">
          <reporter-output>
          </reporter-output>
        </test-method> <!-- beforeTest -->
        <test-method status="PASS" signature="searchBranchWebsite()[pri:0, instance:com.testmethods.TestClass@d2cc05a]" name="searchBranchWebsite" duration-ms="30167" started-at="2018-08-21T17:42:00Z" finished-at="2018-08-21T17:42:30Z">
          <reporter-output>
          </reporter-output>
        </test-method> <!-- searchBranchWebsite -->
        <test-method status="PASS" signature="validateEmployeeCount()[pri:0, instance:com.testmethods.TestClass@d2cc05a]" name="validateEmployeeCount" duration-ms="30974" started-at="2018-08-21T17:42:30Z" depends-on-methods="com.testmethods.TestClass.searchBranchWebsite" finished-at="2018-08-21T17:43:01Z">
          <reporter-output>
          </reporter-output>
        </test-method> <!-- validateEmployeeCount -->
        <test-method status="PASS" signature="validateEmployeeNames()[pri:0, instance:com.testmethods.TestClass@d2cc05a]" name="validateEmployeeNames" duration-ms="42" started-at="2018-08-21T17:43:01Z" depends-on-methods="com.testmethods.TestClass.validateEmployeeCount" finished-at="2018-08-21T17:43:01Z">
          <reporter-output>
          </reporter-output>
        </test-method> <!-- validateEmployeeNames -->
        <test-method status="PASS" signature="validateDepartmentNames()[pri:0, instance:com.testmethods.TestClass@d2cc05a]" name="validateDepartmentNames" duration-ms="2" started-at="2018-08-21T17:43:01Z" depends-on-methods="com.testmethods.TestClass.validateEmployeeCount" finished-at="2018-08-21T17:43:01Z">
          <reporter-output>
          </reporter-output>
        </test-method> <!-- validateDepartmentNames -->
        <test-method status="PASS" signature="validateEmployeeBrokenImage()[pri:0, instance:com.testmethods.TestClass@d2cc05a]" name="validateEmployeeBrokenImage" duration-ms="5277" started-at="2018-08-21T17:43:01Z" depends-on-methods="com.testmethods.TestClass.validateEmployeeCount" finished-at="2018-08-21T17:43:06Z">
          <reporter-output>
          </reporter-output>
        </test-method> <!-- validateEmployeeBrokenImage -->
        <test-method status="PASS" signature="validateURLHttpStatusCode()[pri:0, instance:com.testmethods.TestClass@d2cc05a]" name="validateURLHttpStatusCode" duration-ms="12249" started-at="2018-08-21T17:43:06Z" depends-on-methods="com.testmethods.TestClass.validateEmployeeCount" finished-at="2018-08-21T17:43:19Z">
          <reporter-output>
          </reporter-output>
        </test-method> <!-- validateURLHttpStatusCode -->
        <test-method status="PASS" signature="validateEmployeeOverlayInfo()[pri:0, instance:com.testmethods.TestClass@d2cc05a]" name="validateEmployeeOverlayInfo" duration-ms="31003" started-at="2018-08-21T17:43:19Z" depends-on-methods="com.testmethods.TestClass.validateEmployeeCount" finished-at="2018-08-21T17:43:50Z">
          <reporter-output>
          </reporter-output>
        </test-method> <!-- validateEmployeeOverlayInfo -->
        <test-method status="PASS" signature="afterTest()[pri:0, instance:com.testmethods.TestClass@d2cc05a]" name="afterTest" is-config="true" duration-ms="2963" started-at="2018-08-21T17:43:50Z" finished-at="2018-08-21T17:43:53Z">
          <reporter-output>
          </reporter-output>
        </test-method> <!-- afterTest -->
        <test-method status="PASS" signature="afterSuite()[pri:0, instance:com.testmethods.TestClass@d2cc05a]" name="afterSuite" is-config="true" duration-ms="1170" started-at="2018-08-21T17:43:53Z" finished-at="2018-08-21T17:43:54Z">
          <reporter-output>
          </reporter-output>
        </test-method> <!-- afterSuite -->
      </class> <!-- com.testmethods.TestClass -->
    </test> <!-- Default test -->
  </suite> <!-- Default suite -->
</testng-results>
