<?xml version="1.0" encoding="UTF-8"?>
<!-- Generated by org.testng.reporters.JUnitXMLReporter -->
<testsuite hostname="LTPUSNY2061172" name="Test" tests="7" failures="0" timestamp="21 Aug 2018 09:30:05 GMT" time="94.746" errors="0">
  <testcase name="searchBranchWebsite" time="10.676" classname="com.testmethods.TestClass"/>
  <testcase name="validateEmployeeCount" time="28.677" classname="com.testmethods.TestClass"/>
  <testcase name="validateEmployeeNames" time="0.011" classname="com.testmethods.TestClass"/>
  <testcase name="validateDepartmentNames" time="0.002" classname="com.testmethods.TestClass"/>
  <testcase name="validateEmployeeBrokenImage" time="4.197" classname="com.testmethods.TestClass"/>
  <testcase name="validateURLHttpStatusCode" time="10.496" classname="com.testmethods.TestClass"/>
  <testcase name="validateEmployeeOverlayInfo" time="32.348" classname="com.testmethods.TestClass"/>
</testsuite> <!-- Test -->
